<?xml version="1.0" encoding="UTF-8"?>
<!-- Generated by org.testng.reporters.JUnitReportReporter -->
<testsuite skipped="1" hostname="DESKTOP-996CEA1" name="demo.TestNGIgnoreDemo" tests="3" failures="0" timestamp="2020-05-21T14:37:09 IST" time="0.020" errors="0">
  <testcase name="test3" time="0.002" classname="demo.TestNGIgnoreDemo"/>
  <system-out/>
  <testcase name="test2" time="0.018" classname="demo.TestNGIgnoreDemo"/>
  <system-out/>
  <testcase name="test1" classname="demo.TestNGIgnoreDemo">
    <skipped/>
  </testcase> <!-- test1 -->
  <system-out/>
</testsuite> <!-- demo.TestNGIgnoreDemo -->
