<?xml version="1.0" encoding="UTF-8"?>
<!-- Generated by org.testng.reporters.JUnitReportReporter -->
<testsuite skipped="0" hostname="DESKTOP-996CEA1" name="demo.TestNGDependencyDemo" tests="3" failures="0" timestamp="2020-05-21T14:34:16 IST" time="0.017" errors="0">
  <testcase name="test3" time="0.001" classname="demo.TestNGDependencyDemo"/>
  <system-out/>
  <testcase name="test2" time="0.011" classname="demo.TestNGDependencyDemo"/>
  <system-out/>
  <testcase name="test1" time="0.005" classname="demo.TestNGDependencyDemo"/>
  <system-out/>
</testsuite> <!-- demo.TestNGDependencyDemo -->
