<?xml version="1.0" encoding="UTF-8"?>
<!-- Generated by org.testng.reporters.JUnitReportReporter -->
<testsuite skipped="0" hostname="DESKTOP-996CEA1" name="test.ExtentReportTestNGDemo" tests="1" failures="0" timestamp="2020-05-17T11:11:19 IST" time="5.196" errors="0">
  <testcase name="test1" time="5.196" classname="test.ExtentReportTestNGDemo"/>
  <system-out/>
</testsuite> <!-- test.ExtentReportTestNGDemo -->
