<?xml version="1.0" encoding="UTF-8"?>
<!-- Generated by org.testng.reporters.JUnitReportReporter -->
<testsuite skipped="0" hostname="DESKTOP-996CEA1" name="test.GoogleSearchTestNG" tests="1" failures="0" timestamp="2020-05-17T11:44:33 IST" time="4.807" errors="0">
  <testcase name="googleSearch" time="4.807" classname="test.GoogleSearchTestNG"/>
  <system-out/>
</testsuite> <!-- test.GoogleSearchTestNG -->
