<?xml version="1.0" encoding="UTF-8"?>
<!-- Generated by org.testng.reporters.JUnitReportReporter -->
<testsuite skipped="0" hostname="DESKTOP-996CEA1" name="priority.TestNGPriorityDemo" tests="3" failures="0" timestamp="2020-05-19T13:12:18 IST" time="0.022" errors="0">
  <testcase name="test3" time="0.018" classname="priority.TestNGPriorityDemo"/>
  <system-out/>
  <testcase name="test2" time="0.003" classname="priority.TestNGPriorityDemo"/>
  <system-out/>
  <testcase name="test1" time="0.001" classname="priority.TestNGPriorityDemo"/>
  <system-out/>
</testsuite> <!-- priority.TestNGPriorityDemo -->
