<?xml version="1.0" encoding="UTF-8"?>
<!-- Generated by org.testng.reporters.JUnitReportReporter -->
<testsuite skipped="0" hostname="DESKTOP-996CEA1" name="demo.Test1" tests="1" failures="0" timestamp="2020-05-21T15:29:33 IST" time="10.939" errors="0">
  <testcase name="test1" time="10.939" classname="demo.Test1"/>
  <system-out/>
</testsuite> <!-- demo.Test1 -->
