<?xml version="1.0" encoding="UTF-8"?>
<!-- Generated by org.testng.reporters.JUnitReportReporter -->
<testsuite skipped="0" hostname="DESKTOP-996CEA1" name="demo.TestNGParameterDemo" tests="1" failures="0" timestamp="2020-05-19T15:58:54 IST" time="0.012" errors="0">
  <testcase name="test1" time="0.012" classname="demo.TestNGParameterDemo"/>
  <system-out/>
</testsuite> <!-- demo.TestNGParameterDemo -->
