<?xml version="1.0" encoding="UTF-8"?>
<!-- Generated by org.testng.reporters.JUnitReportReporter -->
<testsuite skipped="0" hostname="DESKTOP-996CEA1" name="demo.TestNGGroupDemo" tests="4" failures="0" timestamp="2020-05-21T14:31:43 IST" time="0.027" errors="0">
  <testcase name="test1" time="0.016" classname="demo.TestNGGroupDemo"/>
  <system-out/>
  <testcase name="test4" time="0.002" classname="demo.TestNGGroupDemo"/>
  <system-out/>
  <testcase name="test2" time="0.007" classname="demo.TestNGGroupDemo"/>
  <system-out/>
  <testcase name="test3" time="0.002" classname="demo.TestNGGroupDemo"/>
  <system-out/>
</testsuite> <!-- demo.TestNGGroupDemo -->
